<?xml version="1.0" encoding="UTF-8"?>
<!-- Generated by org.testng.reporters.JUnitReportReporter -->
<testsuite skipped="0" hostname="BLRCND52002237" name="com.testscripts.Create_duplicate_N_ValidateQuotes" tests="1" failures="0" timestamp="2020-01-05T16:53:01 IST" time="158.060" errors="0">
  <testcase name="createQuotation" time="158.060" classname="com.testscripts.Create_duplicate_N_ValidateQuotes"/>
</testsuite> <!-- com.testscripts.Create_duplicate_N_ValidateQuotes -->
